Using TensorFlow backend.
5000/50000 images done!
10000/50000 images done!
15000/50000 images done!
20000/50000 images done!
25000/50000 images done!
30000/50000 images done!
35000/50000 images done!
40000/50000 images done!
45000/50000 images done!
50000/50000 images done!
Adding GBLUR done!
5000/10000 images done!
10000/10000 images done!
Adding GBLUR done!
(650000, 32, 32, 3) (650000, 32, 32, 3) (130000, 32, 32, 3) (130000, 32, 32, 3)
Train on 650000 samples, validate on 130000 samples
Epoch 1/100
622s - loss: 0.0523 - model_5_loss: 0.0344 - model_6_loss: 0.0179 - val_loss: 0.0299 - val_model_5_loss: 0.0219 - val_model_6_loss: 0.0080
Epoch 2/100
242s - loss: 0.0281 - model_5_loss: 0.0202 - model_6_loss: 0.0080 - val_loss: 0.0248 - val_model_5_loss: 0.0185 - val_model_6_loss: 0.0063
Epoch 3/100
232s - loss: 0.0233 - model_5_loss: 0.0172 - model_6_loss: 0.0061 - val_loss: 0.0206 - val_model_5_loss: 0.0159 - val_model_6_loss: 0.0047
Epoch 4/100
229s - loss: 0.0209 - model_5_loss: 0.0157 - model_6_loss: 0.0052 - val_loss: 0.0215 - val_model_5_loss: 0.0154 - val_model_6_loss: 0.0061
Epoch 5/100
668s - loss: 0.0194 - model_5_loss: 0.0147 - model_6_loss: 0.0047 - val_loss: 0.0213 - val_model_5_loss: 0.0149 - val_model_6_loss: 0.0064
Epoch 6/100
314s - loss: 0.0181 - model_5_loss: 0.0138 - model_6_loss: 0.0043 - val_loss: 0.0180 - val_model_5_loss: 0.0136 - val_model_6_loss: 0.0045
Epoch 7/100
314s - loss: 0.0172 - model_5_loss: 0.0132 - model_6_loss: 0.0040 - val_loss: 0.0175 - val_model_5_loss: 0.0137 - val_model_6_loss: 0.0038
Epoch 8/100
308s - loss: 0.0165 - model_5_loss: 0.0128 - model_6_loss: 0.0037 - val_loss: 0.0185 - val_model_5_loss: 0.0137 - val_model_6_loss: 0.0048
Epoch 9/100
310s - loss: 0.0159 - model_5_loss: 0.0124 - model_6_loss: 0.0035 - val_loss: 0.0161 - val_model_5_loss: 0.0125 - val_model_6_loss: 0.0037
Epoch 10/100
311s - loss: 0.0153 - model_5_loss: 0.0120 - model_6_loss: 0.0034 - val_loss: 0.0151 - val_model_5_loss: 0.0118 - val_model_6_loss: 0.0032
Epoch 11/100
309s - loss: 0.0148 - model_5_loss: 0.0116 - model_6_loss: 0.0032 - val_loss: 0.0158 - val_model_5_loss: 0.0124 - val_model_6_loss: 0.0035
Epoch 12/100
313s - loss: 0.0144 - model_5_loss: 0.0113 - model_6_loss: 0.0031 - val_loss: 0.0149 - val_model_5_loss: 0.0114 - val_model_6_loss: 0.0035
Epoch 13/100
404s - loss: 0.0140 - model_5_loss: 0.0110 - model_6_loss: 0.0030 - val_loss: 0.0150 - val_model_5_loss: 0.0116 - val_model_6_loss: 0.0034
Epoch 14/100
313s - loss: 0.0137 - model_5_loss: 0.0108 - model_6_loss: 0.0029 - val_loss: 0.0145 - val_model_5_loss: 0.0112 - val_model_6_loss: 0.0033
Epoch 15/100
312s - loss: 0.0134 - model_5_loss: 0.0106 - model_6_loss: 0.0028 - val_loss: 0.0138 - val_model_5_loss: 0.0106 - val_model_6_loss: 0.0032
Epoch 16/100
311s - loss: 0.0131 - model_5_loss: 0.0104 - model_6_loss: 0.0028 - val_loss: 0.0133 - val_model_5_loss: 0.0106 - val_model_6_loss: 0.0027
Epoch 17/100
310s - loss: 0.0129 - model_5_loss: 0.0102 - model_6_loss: 0.0027 - val_loss: 0.0131 - val_model_5_loss: 0.0106 - val_model_6_loss: 0.0026
Epoch 18/100
310s - loss: 0.0126 - model_5_loss: 0.0100 - model_6_loss: 0.0026 - val_loss: 0.0126 - val_model_5_loss: 0.0100 - val_model_6_loss: 0.0026
Epoch 19/100
311s - loss: 0.0124 - model_5_loss: 0.0098 - model_6_loss: 0.0026 - val_loss: 0.0128 - val_model_5_loss: 0.0105 - val_model_6_loss: 0.0022
Epoch 20/100
310s - loss: 0.0122 - model_5_loss: 0.0097 - model_6_loss: 0.0025 - val_loss: 0.0127 - val_model_5_loss: 0.0099 - val_model_6_loss: 0.0028
Epoch 21/100
308s - loss: 0.0120 - model_5_loss: 0.0095 - model_6_loss: 0.0025 - val_loss: 0.0127 - val_model_5_loss: 0.0100 - val_model_6_loss: 0.0026
Epoch 22/100
313s - loss: 0.0118 - model_5_loss: 0.0093 - model_6_loss: 0.0024 - val_loss: 0.0117 - val_model_5_loss: 0.0095 - val_model_6_loss: 0.0023
Epoch 23/100
309s - loss: 0.0116 - model_5_loss: 0.0092 - model_6_loss: 0.0024 - val_loss: 0.0109 - val_model_5_loss: 0.0088 - val_model_6_loss: 0.0021
Epoch 24/100
309s - loss: 0.0114 - model_5_loss: 0.0091 - model_6_loss: 0.0023 - val_loss: 0.0126 - val_model_5_loss: 0.0096 - val_model_6_loss: 0.0030
Epoch 25/100
313s - loss: 0.0112 - model_5_loss: 0.0089 - model_6_loss: 0.0023 - val_loss: 0.0125 - val_model_5_loss: 0.0096 - val_model_6_loss: 0.0029
Epoch 26/100
310s - loss: 0.0110 - model_5_loss: 0.0088 - model_6_loss: 0.0022 - val_loss: 0.0130 - val_model_5_loss: 0.0101 - val_model_6_loss: 0.0030
Epoch 27/100
310s - loss: 0.0109 - model_5_loss: 0.0087 - model_6_loss: 0.0022 - val_loss: 0.0111 - val_model_5_loss: 0.0088 - val_model_6_loss: 0.0023
Epoch 28/100
313s - loss: 0.0108 - model_5_loss: 0.0086 - model_6_loss: 0.0022 - val_loss: 0.0104 - val_model_5_loss: 0.0084 - val_model_6_loss: 0.0020
Epoch 29/100
308s - loss: 0.0106 - model_5_loss: 0.0085 - model_6_loss: 0.0021 - val_loss: 0.0098 - val_model_5_loss: 0.0080 - val_model_6_loss: 0.0019
Epoch 30/100
309s - loss: 0.0105 - model_5_loss: 0.0084 - model_6_loss: 0.0021 - val_loss: 0.0100 - val_model_5_loss: 0.0081 - val_model_6_loss: 0.0019
Epoch 31/100
310s - loss: 0.0103 - model_5_loss: 0.0083 - model_6_loss: 0.0021 - val_loss: 0.0105 - val_model_5_loss: 0.0084 - val_model_6_loss: 0.0021
Epoch 32/100
312s - loss: 0.0102 - model_5_loss: 0.0082 - model_6_loss: 0.0021 - val_loss: 0.0104 - val_model_5_loss: 0.0082 - val_model_6_loss: 0.0022
Epoch 33/100
310s - loss: 0.0101 - model_5_loss: 0.0081 - model_6_loss: 0.0020 - val_loss: 0.0103 - val_model_5_loss: 0.0083 - val_model_6_loss: 0.0020
Epoch 34/100
309s - loss: 0.0100 - model_5_loss: 0.0080 - model_6_loss: 0.0020 - val_loss: 0.0112 - val_model_5_loss: 0.0090 - val_model_6_loss: 0.0023
Epoch 35/100
313s - loss: 0.0099 - model_5_loss: 0.0079 - model_6_loss: 0.0019 - val_loss: 0.0105 - val_model_5_loss: 0.0083 - val_model_6_loss: 0.0022
Epoch 36/100
310s - loss: 0.0098 - model_5_loss: 0.0078 - model_6_loss: 0.0019 - val_loss: 0.0096 - val_model_5_loss: 0.0079 - val_model_6_loss: 0.0017
Epoch 37/100
309s - loss: 0.0097 - model_5_loss: 0.0078 - model_6_loss: 0.0019 - val_loss: 0.0096 - val_model_5_loss: 0.0077 - val_model_6_loss: 0.0018
Epoch 38/100
313s - loss: 0.0095 - model_5_loss: 0.0077 - model_6_loss: 0.0019 - val_loss: 0.0091 - val_model_5_loss: 0.0074 - val_model_6_loss: 0.0017
Epoch 39/100
309s - loss: 0.0095 - model_5_loss: 0.0076 - model_6_loss: 0.0019 - val_loss: 0.0098 - val_model_5_loss: 0.0079 - val_model_6_loss: 0.0019
Epoch 40/100
309s - loss: 0.0094 - model_5_loss: 0.0076 - model_6_loss: 0.0018 - val_loss: 0.0091 - val_model_5_loss: 0.0075 - val_model_6_loss: 0.0016
Epoch 41/100
313s - loss: 0.0093 - model_5_loss: 0.0075 - model_6_loss: 0.0018 - val_loss: 0.0099 - val_model_5_loss: 0.0078 - val_model_6_loss: 0.0021
Epoch 42/100
310s - loss: 0.0092 - model_5_loss: 0.0074 - model_6_loss: 0.0018 - val_loss: 0.0096 - val_model_5_loss: 0.0076 - val_model_6_loss: 0.0020
Epoch 43/100
311s - loss: 0.0091 - model_5_loss: 0.0074 - model_6_loss: 0.0018 - val_loss: 0.0090 - val_model_5_loss: 0.0072 - val_model_6_loss: 0.0017
Epoch 44/100
316s - loss: 0.0090 - model_5_loss: 0.0073 - model_6_loss: 0.0017 - val_loss: 0.0086 - val_model_5_loss: 0.0071 - val_model_6_loss: 0.0015
Epoch 45/100
313s - loss: 0.0090 - model_5_loss: 0.0073 - model_6_loss: 0.0017 - val_loss: 0.0088 - val_model_5_loss: 0.0071 - val_model_6_loss: 0.0018
Epoch 46/100
311s - loss: 0.0089 - model_5_loss: 0.0072 - model_6_loss: 0.0017 - val_loss: 0.0093 - val_model_5_loss: 0.0076 - val_model_6_loss: 0.0018
Epoch 47/100
309s - loss: 0.0089 - model_5_loss: 0.0072 - model_6_loss: 0.0017 - val_loss: 0.0092 - val_model_5_loss: 0.0074 - val_model_6_loss: 0.0017
Epoch 48/100
313s - loss: 0.0088 - model_5_loss: 0.0071 - model_6_loss: 0.0017 - val_loss: 0.0092 - val_model_5_loss: 0.0074 - val_model_6_loss: 0.0018
Epoch 49/100
311s - loss: 0.0087 - model_5_loss: 0.0071 - model_6_loss: 0.0017 - val_loss: 0.0092 - val_model_5_loss: 0.0074 - val_model_6_loss: 0.0018
Epoch 50/100
310s - loss: 0.0087 - model_5_loss: 0.0070 - model_6_loss: 0.0017 - val_loss: 0.0092 - val_model_5_loss: 0.0073 - val_model_6_loss: 0.0019
Epoch 51/100
314s - loss: 0.0086 - model_5_loss: 0.0070 - model_6_loss: 0.0016 - val_loss: 0.0088 - val_model_5_loss: 0.0071 - val_model_6_loss: 0.0016
Epoch 52/100
311s - loss: 0.0085 - model_5_loss: 0.0069 - model_6_loss: 0.0016 - val_loss: 0.0083 - val_model_5_loss: 0.0067 - val_model_6_loss: 0.0016
Epoch 53/100
308s - loss: 0.0085 - model_5_loss: 0.0068 - model_6_loss: 0.0016 - val_loss: 0.0084 - val_model_5_loss: 0.0070 - val_model_6_loss: 0.0014
Epoch 54/100
313s - loss: 0.0084 - model_5_loss: 0.0068 - model_6_loss: 0.0016 - val_loss: 0.0085 - val_model_5_loss: 0.0070 - val_model_6_loss: 0.0016
Epoch 55/100
310s - loss: 0.0083 - model_5_loss: 0.0068 - model_6_loss: 0.0016 - val_loss: 0.0077 - val_model_5_loss: 0.0064 - val_model_6_loss: 0.0013
Epoch 56/100
310s - loss: 0.0083 - model_5_loss: 0.0067 - model_6_loss: 0.0016 - val_loss: 0.0082 - val_model_5_loss: 0.0067 - val_model_6_loss: 0.0015
Epoch 57/100
307s - loss: 0.0083 - model_5_loss: 0.0067 - model_6_loss: 0.0016 - val_loss: 0.0096 - val_model_5_loss: 0.0076 - val_model_6_loss: 0.0020
Epoch 58/100
257s - loss: 0.0082 - model_5_loss: 0.0066 - model_6_loss: 0.0015 - val_loss: 0.0079 - val_model_5_loss: 0.0065 - val_model_6_loss: 0.0014
Epoch 59/100
375s - loss: 0.0081 - model_5_loss: 0.0066 - model_6_loss: 0.0015 - val_loss: 0.0084 - val_model_5_loss: 0.0067 - val_model_6_loss: 0.0016
Epoch 60/100
284s - loss: 0.0081 - model_5_loss: 0.0066 - model_6_loss: 0.0015 - val_loss: 0.0088 - val_model_5_loss: 0.0070 - val_model_6_loss: 0.0018
Epoch 61/100
279s - loss: 0.0080 - model_5_loss: 0.0065 - model_6_loss: 0.0015 - val_loss: 0.0079 - val_model_5_loss: 0.0064 - val_model_6_loss: 0.0015
Epoch 62/100
277s - loss: 0.0080 - model_5_loss: 0.0065 - model_6_loss: 0.0015 - val_loss: 0.0084 - val_model_5_loss: 0.0069 - val_model_6_loss: 0.0015
Epoch 63/100
280s - loss: 0.0079 - model_5_loss: 0.0064 - model_6_loss: 0.0015 - val_loss: 0.0079 - val_model_5_loss: 0.0066 - val_model_6_loss: 0.0014
Epoch 64/100
279s - loss: 0.0079 - model_5_loss: 0.0064 - model_6_loss: 0.0015 - val_loss: 0.0077 - val_model_5_loss: 0.0063 - val_model_6_loss: 0.0014
Epoch 65/100
283s - loss: 0.0078 - model_5_loss: 0.0064 - model_6_loss: 0.0015 - val_loss: 0.0082 - val_model_5_loss: 0.0066 - val_model_6_loss: 0.0016
Epoch 66/100
283s - loss: 0.0078 - model_5_loss: 0.0063 - model_6_loss: 0.0015 - val_loss: 0.0077 - val_model_5_loss: 0.0062 - val_model_6_loss: 0.0015
Epoch 67/100
278s - loss: 0.0078 - model_5_loss: 0.0063 - model_6_loss: 0.0015 - val_loss: 0.0074 - val_model_5_loss: 0.0060 - val_model_6_loss: 0.0014
Epoch 68/100
278s - loss: 0.0077 - model_5_loss: 0.0063 - model_6_loss: 0.0015 - val_loss: 0.0084 - val_model_5_loss: 0.0068 - val_model_6_loss: 0.0015
Epoch 69/100
284s - loss: 0.0077 - model_5_loss: 0.0062 - model_6_loss: 0.0014 - val_loss: 0.0074 - val_model_5_loss: 0.0061 - val_model_6_loss: 0.0013
Epoch 70/100
280s - loss: 0.0076 - model_5_loss: 0.0062 - model_6_loss: 0.0014 - val_loss: 0.0078 - val_model_5_loss: 0.0064 - val_model_6_loss: 0.0014
Epoch 71/100
278s - loss: 0.0076 - model_5_loss: 0.0062 - model_6_loss: 0.0014 - val_loss: 0.0079 - val_model_5_loss: 0.0063 - val_model_6_loss: 0.0016
Epoch 72/100
282s - loss: 0.0076 - model_5_loss: 0.0062 - model_6_loss: 0.0014 - val_loss: 0.0078 - val_model_5_loss: 0.0062 - val_model_6_loss: 0.0016
Epoch 73/100
281s - loss: 0.0075 - model_5_loss: 0.0061 - model_6_loss: 0.0014 - val_loss: 0.0073 - val_model_5_loss: 0.0061 - val_model_6_loss: 0.0012
Epoch 74/100
278s - loss: 0.0075 - model_5_loss: 0.0061 - model_6_loss: 0.0014 - val_loss: 0.0073 - val_model_5_loss: 0.0060 - val_model_6_loss: 0.0013
Epoch 75/100
277s - loss: 0.0075 - model_5_loss: 0.0061 - model_6_loss: 0.0014 - val_loss: 0.0076 - val_model_5_loss: 0.0062 - val_model_6_loss: 0.0013
Epoch 76/100
285s - loss: 0.0074 - model_5_loss: 0.0060 - model_6_loss: 0.0014 - val_loss: 0.0074 - val_model_5_loss: 0.0060 - val_model_6_loss: 0.0013
Epoch 77/100
280s - loss: 0.0074 - model_5_loss: 0.0061 - model_6_loss: 0.0014 - val_loss: 0.0072 - val_model_5_loss: 0.0059 - val_model_6_loss: 0.0013
Epoch 78/100
277s - loss: 0.0074 - model_5_loss: 0.0060 - model_6_loss: 0.0014 - val_loss: 0.0079 - val_model_5_loss: 0.0064 - val_model_6_loss: 0.0015
Epoch 79/100
285s - loss: 0.0073 - model_5_loss: 0.0060 - model_6_loss: 0.0013 - val_loss: 0.0077 - val_model_5_loss: 0.0061 - val_model_6_loss: 0.0015
Epoch 80/100
281s - loss: 0.0073 - model_5_loss: 0.0060 - model_6_loss: 0.0013 - val_loss: 0.0073 - val_model_5_loss: 0.0059 - val_model_6_loss: 0.0014
Epoch 81/100
278s - loss: 0.0073 - model_5_loss: 0.0059 - model_6_loss: 0.0013 - val_loss: 0.0079 - val_model_5_loss: 0.0063 - val_model_6_loss: 0.0016
Epoch 82/100
279s - loss: 0.0073 - model_5_loss: 0.0059 - model_6_loss: 0.0013 - val_loss: 0.0070 - val_model_5_loss: 0.0057 - val_model_6_loss: 0.0013
Epoch 83/100
284s - loss: 0.0072 - model_5_loss: 0.0059 - model_6_loss: 0.0013 - val_loss: 0.0079 - val_model_5_loss: 0.0064 - val_model_6_loss: 0.0015
Epoch 84/100
280s - loss: 0.0072 - model_5_loss: 0.0059 - model_6_loss: 0.0013 - val_loss: 0.0078 - val_model_5_loss: 0.0063 - val_model_6_loss: 0.0015
Epoch 85/100
278s - loss: 0.0071 - model_5_loss: 0.0058 - model_6_loss: 0.0013 - val_loss: 0.0074 - val_model_5_loss: 0.0061 - val_model_6_loss: 0.0013
Epoch 86/100
284s - loss: 0.0071 - model_5_loss: 0.0058 - model_6_loss: 0.0013 - val_loss: 0.0069 - val_model_5_loss: 0.0056 - val_model_6_loss: 0.0013
Epoch 87/100
280s - loss: 0.0071 - model_5_loss: 0.0058 - model_6_loss: 0.0013 - val_loss: 0.0076 - val_model_5_loss: 0.0062 - val_model_6_loss: 0.0014
Epoch 88/100
278s - loss: 0.0071 - model_5_loss: 0.0058 - model_6_loss: 0.0013 - val_loss: 0.0073 - val_model_5_loss: 0.0060 - val_model_6_loss: 0.0013
Epoch 89/100
282s - loss: 0.0070 - model_5_loss: 0.0058 - model_6_loss: 0.0013 - val_loss: 0.0075 - val_model_5_loss: 0.0061 - val_model_6_loss: 0.0015
Epoch 90/100
282s - loss: 0.0070 - model_5_loss: 0.0057 - model_6_loss: 0.0013 - val_loss: 0.0071 - val_model_5_loss: 0.0058 - val_model_6_loss: 0.0013
Epoch 91/100
279s - loss: 0.0070 - model_5_loss: 0.0057 - model_6_loss: 0.0013 - val_loss: 0.0071 - val_model_5_loss: 0.0058 - val_model_6_loss: 0.0013
Epoch 92/100
278s - loss: 0.0069 - model_5_loss: 0.0057 - model_6_loss: 0.0013 - val_loss: 0.0068 - val_model_5_loss: 0.0057 - val_model_6_loss: 0.0012
Epoch 93/100
283s - loss: 0.0069 - model_5_loss: 0.0057 - model_6_loss: 0.0013 - val_loss: 0.0072 - val_model_5_loss: 0.0059 - val_model_6_loss: 0.0013
Epoch 94/100
281s - loss: 0.0069 - model_5_loss: 0.0056 - model_6_loss: 0.0013 - val_loss: 0.0070 - val_model_5_loss: 0.0057 - val_model_6_loss: 0.0013
Epoch 95/100
279s - loss: 0.0069 - model_5_loss: 0.0056 - model_6_loss: 0.0012 - val_loss: 0.0068 - val_model_5_loss: 0.0055 - val_model_6_loss: 0.0013
Epoch 96/100
283s - loss: 0.0068 - model_5_loss: 0.0056 - model_6_loss: 0.0012 - val_loss: 0.0067 - val_model_5_loss: 0.0055 - val_model_6_loss: 0.0012
Epoch 97/100
281s - loss: 0.0068 - model_5_loss: 0.0056 - model_6_loss: 0.0012 - val_loss: 0.0073 - val_model_5_loss: 0.0059 - val_model_6_loss: 0.0014
Epoch 98/100
279s - loss: 0.0068 - model_5_loss: 0.0056 - model_6_loss: 0.0012 - val_loss: 0.0064 - val_model_5_loss: 0.0053 - val_model_6_loss: 0.0011
Epoch 99/100
278s - loss: 0.0068 - model_5_loss: 0.0055 - model_6_loss: 0.0012 - val_loss: 0.0075 - val_model_5_loss: 0.0060 - val_model_6_loss: 0.0015
Epoch 100/100
284s - loss: 0.0068 - model_5_loss: 0.0055 - model_6_loss: 0.0012 - val_loss: 0.0067 - val_model_5_loss: 0.0055 - val_model_6_loss: 0.0012
