Using TensorFlow backend.
5000/50000 images done!
10000/50000 images done!
15000/50000 images done!
20000/50000 images done!
25000/50000 images done!
30000/50000 images done!
35000/50000 images done!
40000/50000 images done!
45000/50000 images done!
50000/50000 images done!
Adding GBLUR done!
5000/10000 images done!
10000/10000 images done!
Adding GBLUR done!
(650000, 32, 32, 3) (650000, 32, 32, 3) (130000, 32, 32, 3) (130000, 32, 32, 3)
Train on 650000 samples, validate on 130000 samples
Epoch 1/100
78s - loss: 0.6640 - val_loss: 0.6642
Epoch 2/100
78s - loss: 0.6640 - val_loss: 0.6642
Epoch 3/100
79s - loss: 0.6640 - val_loss: 0.6642
Epoch 4/100
79s - loss: 0.6640 - val_loss: 0.6642
Epoch 5/100
79s - loss: 0.6640 - val_loss: 0.6642
Epoch 6/100
83s - loss: 0.6640 - val_loss: 0.6642
Epoch 7/100
82s - loss: 0.6640 - val_loss: 0.6642
Epoch 8/100
83s - loss: 0.6640 - val_loss: 0.6642
Epoch 9/100
83s - loss: 0.6640 - val_loss: 0.6642
Epoch 10/100
83s - loss: 0.6640 - val_loss: 0.6642
Epoch 11/100
83s - loss: 0.6640 - val_loss: 0.6642
Epoch 12/100
83s - loss: 0.6640 - val_loss: 0.6642
Epoch 13/100
82s - loss: 0.6640 - val_loss: 0.6642
Epoch 14/100
83s - loss: 0.6640 - val_loss: 0.6642
Epoch 15/100
82s - loss: 0.6640 - val_loss: 0.6642
Epoch 16/100
83s - loss: 0.6640 - val_loss: 0.6642
Epoch 17/100
83s - loss: 0.6640 - val_loss: 0.6642
Epoch 18/100
82s - loss: 0.6640 - val_loss: 0.6642
Epoch 19/100
82s - loss: 0.6640 - val_loss: 0.6642
Epoch 20/100
82s - loss: 0.6640 - val_loss: 0.6642
Epoch 21/100
82s - loss: 0.6640 - val_loss: 0.6642
Epoch 22/100
82s - loss: 0.6640 - val_loss: 0.6642
Epoch 23/100
82s - loss: 0.6640 - val_loss: 0.6642
Epoch 24/100
82s - loss: 0.6640 - val_loss: 0.6642
Epoch 25/100
82s - loss: 0.6640 - val_loss: 0.6642
Epoch 26/100
82s - loss: 0.6640 - val_loss: 0.6642
Epoch 27/100
82s - loss: 0.6640 - val_loss: 0.6642
Epoch 28/100
81s - loss: 0.6640 - val_loss: 0.6642
Epoch 29/100
83s - loss: 0.6640 - val_loss: 0.6642
Epoch 30/100
83s - loss: 0.6640 - val_loss: 0.6642
Epoch 31/100
82s - loss: 0.6640 - val_loss: 0.6642
Epoch 32/100
83s - loss: 0.6640 - val_loss: 0.6642
Epoch 33/100
83s - loss: 0.6640 - val_loss: 0.6642
Epoch 34/100
82s - loss: 0.6640 - val_loss: 0.6642
Epoch 35/100
83s - loss: 0.6640 - val_loss: 0.6642
Epoch 36/100
83s - loss: 0.6640 - val_loss: 0.6642
Epoch 37/100
83s - loss: 0.6640 - val_loss: 0.6642
Epoch 38/100
83s - loss: 0.6640 - val_loss: 0.6642
Epoch 39/100
83s - loss: 0.6640 - val_loss: 0.6642
Epoch 40/100
83s - loss: 0.6640 - val_loss: 0.6642
Epoch 41/100
82s - loss: 0.6640 - val_loss: 0.6642
Epoch 42/100
82s - loss: 0.6640 - val_loss: 0.6642
Epoch 43/100
82s - loss: 0.6640 - val_loss: 0.6642
Epoch 44/100
82s - loss: 0.6640 - val_loss: 0.6642
Epoch 45/100
83s - loss: 0.6640 - val_loss: 0.6642
Epoch 46/100
83s - loss: 0.6640 - val_loss: 0.6642
Epoch 47/100
83s - loss: 0.6640 - val_loss: 0.6642
Epoch 48/100
83s - loss: 0.6640 - val_loss: 0.6642
Epoch 49/100
83s - loss: 0.6640 - val_loss: 0.6642
Epoch 50/100
83s - loss: 0.6640 - val_loss: 0.6642
Epoch 51/100
82s - loss: 0.6640 - val_loss: 0.6642
Epoch 52/100
82s - loss: 0.6640 - val_loss: 0.6642
Epoch 53/100
81s - loss: 0.6640 - val_loss: 0.6642
Epoch 54/100
82s - loss: 0.6640 - val_loss: 0.6642
Epoch 55/100
82s - loss: 0.6640 - val_loss: 0.6642
Epoch 56/100
83s - loss: 0.6640 - val_loss: 0.6642
Epoch 57/100
82s - loss: 0.6640 - val_loss: 0.6642
Epoch 58/100
83s - loss: 0.6640 - val_loss: 0.6642
Epoch 59/100
83s - loss: 0.6640 - val_loss: 0.6642
Epoch 60/100
82s - loss: 0.6640 - val_loss: 0.6642
Epoch 61/100
82s - loss: 0.6640 - val_loss: 0.6642
Epoch 62/100
82s - loss: 0.6640 - val_loss: 0.6642
Epoch 63/100
82s - loss: 0.6640 - val_loss: 0.6642
Epoch 64/100
83s - loss: 0.6640 - val_loss: 0.6642
Epoch 65/100
82s - loss: 0.6640 - val_loss: 0.6642
Epoch 66/100
82s - loss: 0.6640 - val_loss: 0.6642
Epoch 67/100
83s - loss: 0.6640 - val_loss: 0.6642
Epoch 68/100
82s - loss: 0.6640 - val_loss: 0.6642
Epoch 69/100
81s - loss: 0.6640 - val_loss: 0.6642
Epoch 70/100
82s - loss: 0.6640 - val_loss: 0.6642
Epoch 71/100
82s - loss: 0.6640 - val_loss: 0.6642
Epoch 72/100
82s - loss: 0.6640 - val_loss: 0.6642
Epoch 73/100
83s - loss: 0.6640 - val_loss: 0.6642
Epoch 74/100
83s - loss: 0.6640 - val_loss: 0.6642
Epoch 75/100
82s - loss: 0.6640 - val_loss: 0.6642
Epoch 76/100
82s - loss: 0.6640 - val_loss: 0.6642
Epoch 77/100
82s - loss: 0.6640 - val_loss: 0.6642
Epoch 78/100
83s - loss: 0.6640 - val_loss: 0.6642
Epoch 79/100
83s - loss: 0.6640 - val_loss: 0.6642
Epoch 80/100
82s - loss: 0.6640 - val_loss: 0.6642
Epoch 81/100
82s - loss: 0.6640 - val_loss: 0.6642
Epoch 82/100
82s - loss: 0.6640 - val_loss: 0.6642
Epoch 83/100
83s - loss: 0.6640 - val_loss: 0.6642
Epoch 84/100
83s - loss: 0.6640 - val_loss: 0.6642
Epoch 85/100
83s - loss: 0.6640 - val_loss: 0.6642
Epoch 86/100
83s - loss: 0.6640 - val_loss: 0.6642
Epoch 87/100
82s - loss: 0.6640 - val_loss: 0.6642
Epoch 88/100
82s - loss: 0.6640 - val_loss: 0.6642
Epoch 89/100
81s - loss: 0.6640 - val_loss: 0.6642
Epoch 90/100
81s - loss: 0.6640 - val_loss: 0.6642
Epoch 91/100
81s - loss: 0.6640 - val_loss: 0.6642
Epoch 92/100
82s - loss: 0.6640 - val_loss: 0.6642
Epoch 93/100
82s - loss: 0.6640 - val_loss: 0.6642
Epoch 94/100
82s - loss: 0.6640 - val_loss: 0.6642
Epoch 95/100
82s - loss: 0.6640 - val_loss: 0.6642
Epoch 96/100
83s - loss: 0.6640 - val_loss: 0.6642
Epoch 97/100
82s - loss: 0.6640 - val_loss: 0.6642
Epoch 98/100
82s - loss: 0.6640 - val_loss: 0.6642
Epoch 99/100
81s - loss: 0.6640 - val_loss: 0.6642
Epoch 100/100
82s - loss: 0.6640 - val_loss: 0.6642
