Using TensorFlow backend.
5000/50000 images done!
10000/50000 images done!
15000/50000 images done!
20000/50000 images done!
25000/50000 images done!
30000/50000 images done!
35000/50000 images done!
40000/50000 images done!
45000/50000 images done!
50000/50000 images done!
Adding GBLUR done!
5000/10000 images done!
10000/10000 images done!
Adding GBLUR done!
Train on 650000 samples, validate on 130000 samples
Epoch 1/100
868s - loss: 0.0670 - val_loss: 0.0534
Epoch 2/100
880s - loss: 0.0544 - val_loss: 0.0533
Epoch 3/100
884s - loss: 0.0530 - val_loss: 0.0525
Epoch 4/100
883s - loss: 0.0522 - val_loss: 0.0542
Epoch 5/100
884s - loss: 0.0518 - val_loss: 0.0558
Epoch 6/100
883s - loss: 0.0515 - val_loss: 0.0580
Epoch 7/100
882s - loss: 0.0512 - val_loss: 0.0597
Epoch 8/100
885s - loss: 0.0511 - val_loss: 0.0531
Epoch 9/100
884s - loss: 0.0509 - val_loss: 0.0558
Epoch 10/100
887s - loss: 0.0508 - val_loss: 0.0535
Epoch 11/100
881s - loss: 0.0507 - val_loss: 0.0506
Epoch 12/100
884s - loss: 0.0507 - val_loss: 0.0543
Epoch 13/100
883s - loss: 0.0505 - val_loss: 0.0538
Epoch 14/100
883s - loss: 0.0505 - val_loss: 0.0533
Epoch 15/100
881s - loss: 0.0504 - val_loss: 0.0549
Epoch 16/100
884s - loss: 0.0504 - val_loss: 0.0530
Epoch 17/100
882s - loss: 0.0503 - val_loss: 0.0507
Epoch 18/100
887s - loss: 0.0503 - val_loss: 0.0505
Epoch 19/100
881s - loss: 0.0503 - val_loss: 0.0512
Epoch 20/100
885s - loss: 0.0502 - val_loss: 0.0508
Epoch 21/100
884s - loss: 0.0502 - val_loss: 0.0523
Epoch 22/100
887s - loss: 0.0502 - val_loss: 0.0649
Epoch 23/100
885s - loss: 0.0502 - val_loss: 0.0518
Epoch 24/100
884s - loss: 0.0501 - val_loss: 0.0502
Epoch 25/100
883s - loss: 0.0501 - val_loss: 0.0562
Epoch 26/100
885s - loss: 0.0500 - val_loss: 0.0515
Epoch 27/100
1118s - loss: 0.0501 - val_loss: 0.0501
Epoch 28/100
883s - loss: 0.0500 - val_loss: 0.0513
Epoch 29/100
464s - loss: 0.0500 - val_loss: 0.0553
Epoch 30/100
216s - loss: 0.0500 - val_loss: 0.0516
Epoch 31/100
215s - loss: 0.0500 - val_loss: 0.0556
Epoch 32/100
215s - loss: 0.0499 - val_loss: 0.0516
Epoch 33/100
215s - loss: 0.0499 - val_loss: 0.0527
Epoch 34/100
215s - loss: 0.0499 - val_loss: 0.0527
Epoch 35/100
215s - loss: 0.0499 - val_loss: 0.0503
Epoch 36/100
215s - loss: 0.0499 - val_loss: 0.0614
Epoch 37/100
216s - loss: 0.0499 - val_loss: 0.0540
Epoch 38/100
216s - loss: 0.0499 - val_loss: 0.0508
Epoch 39/100
216s - loss: 0.0498 - val_loss: 0.0508
Epoch 40/100
216s - loss: 0.0498 - val_loss: 0.0503
Epoch 41/100
216s - loss: 0.0498 - val_loss: 0.0581
Epoch 42/100
216s - loss: 0.0498 - val_loss: 0.0621
Epoch 43/100
217s - loss: 0.0498 - val_loss: 0.0506
Epoch 44/100
216s - loss: 0.0498 - val_loss: 0.0512
Epoch 45/100
217s - loss: 0.0498 - val_loss: 0.0520
Epoch 46/100
216s - loss: 0.0498 - val_loss: 0.0542
Epoch 47/100
217s - loss: 0.0498 - val_loss: 0.0527
Epoch 48/100
217s - loss: 0.0498 - val_loss: 0.0542
Epoch 49/100
217s - loss: 0.0497 - val_loss: 0.0608
Epoch 50/100
217s - loss: 0.0497 - val_loss: 0.0509
Epoch 51/100
217s - loss: 0.0497 - val_loss: 0.0539
Epoch 52/100
217s - loss: 0.0497 - val_loss: 0.0493
Epoch 53/100
217s - loss: 0.0497 - val_loss: 0.0537
Epoch 54/100
217s - loss: 0.0497 - val_loss: 0.0547
Epoch 55/100
217s - loss: 0.0497 - val_loss: 0.0522
Epoch 56/100
217s - loss: 0.0497 - val_loss: 0.0524
Epoch 57/100
216s - loss: 0.0496 - val_loss: 0.0510
Epoch 58/100
217s - loss: 0.0497 - val_loss: 0.0534
Epoch 59/100
217s - loss: 0.0496 - val_loss: 0.0525
Epoch 60/100
216s - loss: 0.0497 - val_loss: 0.0521
Epoch 61/100
217s - loss: 0.0497 - val_loss: 0.0512
Epoch 62/100
216s - loss: 0.0496 - val_loss: 0.0527
Epoch 63/100
217s - loss: 0.0496 - val_loss: 0.0525
Epoch 64/100
217s - loss: 0.0496 - val_loss: 0.0539
Epoch 65/100
217s - loss: 0.0496 - val_loss: 0.0495
Epoch 66/100
216s - loss: 0.0496 - val_loss: 0.0500
Epoch 67/100
217s - loss: 0.0496 - val_loss: 0.0507
Epoch 68/100
216s - loss: 0.0496 - val_loss: 0.0624
Epoch 69/100
216s - loss: 0.0496 - val_loss: 0.0516
Epoch 70/100
216s - loss: 0.0496 - val_loss: 0.0507
Epoch 71/100
217s - loss: 0.0496 - val_loss: 0.0529
Epoch 72/100
217s - loss: 0.0496 - val_loss: 0.0505
Epoch 73/100
216s - loss: 0.0496 - val_loss: 0.0535
Epoch 74/100
217s - loss: 0.0496 - val_loss: 0.0554
Epoch 75/100
217s - loss: 0.0496 - val_loss: 0.0506
Epoch 76/100
216s - loss: 0.0496 - val_loss: 0.0530
Epoch 77/100
217s - loss: 0.0496 - val_loss: 0.0499
Epoch 78/100
217s - loss: 0.0496 - val_loss: 0.0539
Epoch 79/100
217s - loss: 0.0495 - val_loss: 0.0563
Epoch 80/100
217s - loss: 0.0495 - val_loss: 0.0555
Epoch 81/100
216s - loss: 0.0495 - val_loss: 0.0496
Epoch 82/100
217s - loss: 0.0495 - val_loss: 0.0552
Epoch 83/100
216s - loss: 0.0495 - val_loss: 0.0533
Epoch 84/100
217s - loss: 0.0495 - val_loss: 0.0534
Epoch 85/100
217s - loss: 0.0495 - val_loss: 0.0517
Epoch 86/100
216s - loss: 0.0495 - val_loss: 0.0496
Epoch 87/100
216s - loss: 0.0495 - val_loss: 0.0513
Epoch 88/100
216s - loss: 0.0495 - val_loss: 0.0514
Epoch 89/100
216s - loss: 0.0495 - val_loss: 0.0516
Epoch 90/100
217s - loss: 0.0495 - val_loss: 0.0499
Epoch 91/100
217s - loss: 0.0495 - val_loss: 0.0502
Epoch 92/100
217s - loss: 0.0495 - val_loss: 0.0506
Epoch 93/100
217s - loss: 0.0495 - val_loss: 0.0522
Epoch 94/100
217s - loss: 0.0495 - val_loss: 0.0542
Epoch 95/100
217s - loss: 0.0495 - val_loss: 0.0501
Epoch 96/100
216s - loss: 0.0495 - val_loss: 0.0514
Epoch 97/100
216s - loss: 0.0495 - val_loss: 0.0503
Epoch 98/100
216s - loss: 0.0495 - val_loss: 0.0527
Epoch 99/100
218s - loss: 0.0495 - val_loss: 0.0496
Epoch 100/100
219s - loss: 0.0495 - val_loss: 0.0544
