Using TensorFlow backend.
5000/50000 images done!
10000/50000 images done!
15000/50000 images done!
20000/50000 images done!
25000/50000 images done!
30000/50000 images done!
35000/50000 images done!
40000/50000 images done!
45000/50000 images done!
50000/50000 images done!
Adding GBLUR done!
5000/10000 images done!
10000/10000 images done!
Adding GBLUR done!
(650000, 32, 32, 3) (650000, 32, 32, 3) (130000, 32, 32, 3) (130000, 32, 32, 3)
Train on 650000 samples, validate on 130000 samples
Epoch 1/100
1181s - loss: 0.0126 - model_2_loss_1: 0.0075 - model_2_loss_2: 0.0051 - val_loss: 0.0058 - val_model_2_loss_1: 0.0033 - val_model_2_loss_2: 0.0025
Epoch 2/100
1222s - loss: 0.0059 - model_2_loss_1: 0.0036 - model_2_loss_2: 0.0023 - val_loss: 0.0047 - val_model_2_loss_1: 0.0030 - val_model_2_loss_2: 0.0018
Epoch 3/100
1256s - loss: 0.0048 - model_2_loss_1: 0.0029 - model_2_loss_2: 0.0019 - val_loss: 0.0051 - val_model_2_loss_1: 0.0031 - val_model_2_loss_2: 0.0020
Epoch 4/100
1271s - loss: 0.0042 - model_2_loss_1: 0.0026 - model_2_loss_2: 0.0016 - val_loss: 0.0032 - val_model_2_loss_1: 0.0018 - val_model_2_loss_2: 0.0013
Epoch 5/100
1269s - loss: 0.0038 - model_2_loss_1: 0.0023 - model_2_loss_2: 0.0015 - val_loss: 0.0037 - val_model_2_loss_1: 0.0021 - val_model_2_loss_2: 0.0016
Epoch 6/100
1272s - loss: 0.0036 - model_2_loss_1: 0.0022 - model_2_loss_2: 0.0014 - val_loss: 0.0037 - val_model_2_loss_1: 0.0025 - val_model_2_loss_2: 0.0012
Epoch 7/100
1279s - loss: 0.0034 - model_2_loss_1: 0.0020 - model_2_loss_2: 0.0014 - val_loss: 0.0035 - val_model_2_loss_1: 0.0019 - val_model_2_loss_2: 0.0015
Epoch 8/100
1268s - loss: 0.0032 - model_2_loss_1: 0.0019 - model_2_loss_2: 0.0013 - val_loss: 0.0030 - val_model_2_loss_1: 0.0016 - val_model_2_loss_2: 0.0013
Epoch 9/100
1268s - loss: 0.0031 - model_2_loss_1: 0.0018 - model_2_loss_2: 0.0013 - val_loss: 0.0029 - val_model_2_loss_1: 0.0018 - val_model_2_loss_2: 0.0011
Epoch 10/100
1247s - loss: 0.0030 - model_2_loss_1: 0.0017 - model_2_loss_2: 0.0013 - val_loss: 0.0030 - val_model_2_loss_1: 0.0018 - val_model_2_loss_2: 0.0012
Epoch 11/100
1256s - loss: 0.0029 - model_2_loss_1: 0.0017 - model_2_loss_2: 0.0012 - val_loss: 0.0022 - val_model_2_loss_1: 0.0012 - val_model_2_loss_2: 0.0010
Epoch 12/100
1266s - loss: 0.0028 - model_2_loss_1: 0.0016 - model_2_loss_2: 0.0012 - val_loss: 0.0035 - val_model_2_loss_1: 0.0020 - val_model_2_loss_2: 0.0016
Epoch 13/100
1289s - loss: 0.0028 - model_2_loss_1: 0.0016 - model_2_loss_2: 0.0012 - val_loss: 0.0027 - val_model_2_loss_1: 0.0014 - val_model_2_loss_2: 0.0013
Epoch 14/100
1265s - loss: 0.0027 - model_2_loss_1: 0.0015 - model_2_loss_2: 0.0012 - val_loss: 0.0028 - val_model_2_loss_1: 0.0015 - val_model_2_loss_2: 0.0012
Epoch 15/100
1099s - loss: 0.0026 - model_2_loss_1: 0.0015 - model_2_loss_2: 0.0011 - val_loss: 0.0024 - val_model_2_loss_1: 0.0014 - val_model_2_loss_2: 0.0010
Epoch 16/100
305s - loss: 0.0027 - model_2_loss_1: 0.0015 - model_2_loss_2: 0.0012 - val_loss: 0.0035 - val_model_2_loss_1: 0.0018 - val_model_2_loss_2: 0.0017
Epoch 17/100
192s - loss: 0.0026 - model_2_loss_1: 0.0014 - model_2_loss_2: 0.0011 - val_loss: 0.0027 - val_model_2_loss_1: 0.0014 - val_model_2_loss_2: 0.0012
Epoch 18/100
192s - loss: 0.0025 - model_2_loss_1: 0.0014 - model_2_loss_2: 0.0011 - val_loss: 0.0025 - val_model_2_loss_1: 0.0013 - val_model_2_loss_2: 0.0012
Epoch 19/100
192s - loss: 0.0025 - model_2_loss_1: 0.0014 - model_2_loss_2: 0.0011 - val_loss: 0.0026 - val_model_2_loss_1: 0.0015 - val_model_2_loss_2: 0.0011
Epoch 20/100
192s - loss: 0.0024 - model_2_loss_1: 0.0014 - model_2_loss_2: 0.0011 - val_loss: 0.0027 - val_model_2_loss_1: 0.0014 - val_model_2_loss_2: 0.0013
Epoch 21/100
192s - loss: 0.0024 - model_2_loss_1: 0.0013 - model_2_loss_2: 0.0011 - val_loss: 0.0028 - val_model_2_loss_1: 0.0016 - val_model_2_loss_2: 0.0013
Epoch 22/100
192s - loss: 0.0024 - model_2_loss_1: 0.0013 - model_2_loss_2: 0.0011 - val_loss: 0.0029 - val_model_2_loss_1: 0.0016 - val_model_2_loss_2: 0.0013
Epoch 23/100
193s - loss: 0.0023 - model_2_loss_1: 0.0013 - model_2_loss_2: 0.0010 - val_loss: 0.0024 - val_model_2_loss_1: 0.0013 - val_model_2_loss_2: 0.0011
Epoch 24/100
194s - loss: 0.0023 - model_2_loss_1: 0.0013 - model_2_loss_2: 0.0010 - val_loss: 0.0022 - val_model_2_loss_1: 0.0012 - val_model_2_loss_2: 9.4771e-04
Epoch 25/100
195s - loss: 0.0023 - model_2_loss_1: 0.0013 - model_2_loss_2: 0.0010 - val_loss: 0.0031 - val_model_2_loss_1: 0.0017 - val_model_2_loss_2: 0.0014
Epoch 26/100
194s - loss: 0.0023 - model_2_loss_1: 0.0013 - model_2_loss_2: 0.0010 - val_loss: 0.0026 - val_model_2_loss_1: 0.0015 - val_model_2_loss_2: 0.0010
Epoch 27/100
194s - loss: 0.0023 - model_2_loss_1: 0.0013 - model_2_loss_2: 0.0010 - val_loss: 0.0019 - val_model_2_loss_1: 0.0011 - val_model_2_loss_2: 8.4088e-04
Epoch 28/100
195s - loss: 0.0022 - model_2_loss_1: 0.0012 - model_2_loss_2: 9.9459e-04 - val_loss: 0.0022 - val_model_2_loss_1: 0.0012 - val_model_2_loss_2: 9.4986e-04
Epoch 29/100
194s - loss: 0.0022 - model_2_loss_1: 0.0012 - model_2_loss_2: 9.8797e-04 - val_loss: 0.0025 - val_model_2_loss_1: 0.0013 - val_model_2_loss_2: 0.0012
Epoch 30/100
194s - loss: 0.0022 - model_2_loss_1: 0.0012 - model_2_loss_2: 9.8142e-04 - val_loss: 0.0022 - val_model_2_loss_1: 0.0012 - val_model_2_loss_2: 0.0010
Epoch 31/100
194s - loss: 0.0022 - model_2_loss_1: 0.0012 - model_2_loss_2: 9.6782e-04 - val_loss: 0.0025 - val_model_2_loss_1: 0.0013 - val_model_2_loss_2: 0.0012
Epoch 32/100
195s - loss: 0.0021 - model_2_loss_1: 0.0012 - model_2_loss_2: 9.5100e-04 - val_loss: 0.0021 - val_model_2_loss_1: 0.0011 - val_model_2_loss_2: 9.6027e-04
Epoch 33/100
195s - loss: 0.0021 - model_2_loss_1: 0.0012 - model_2_loss_2: 9.5072e-04 - val_loss: 0.0019 - val_model_2_loss_1: 0.0010 - val_model_2_loss_2: 8.6781e-04
Epoch 34/100
194s - loss: 0.0021 - model_2_loss_1: 0.0012 - model_2_loss_2: 9.4712e-04 - val_loss: 0.0021 - val_model_2_loss_1: 0.0012 - val_model_2_loss_2: 9.2344e-04
Epoch 35/100
195s - loss: 0.0021 - model_2_loss_1: 0.0011 - model_2_loss_2: 9.4157e-04 - val_loss: 0.0022 - val_model_2_loss_1: 0.0012 - val_model_2_loss_2: 9.5701e-04
Epoch 36/100
195s - loss: 0.0021 - model_2_loss_1: 0.0011 - model_2_loss_2: 9.2632e-04 - val_loss: 0.0021 - val_model_2_loss_1: 0.0011 - val_model_2_loss_2: 0.0010
Epoch 37/100
195s - loss: 0.0021 - model_2_loss_1: 0.0011 - model_2_loss_2: 9.2570e-04 - val_loss: 0.0020 - val_model_2_loss_1: 0.0011 - val_model_2_loss_2: 8.7454e-04
Epoch 38/100
195s - loss: 0.0021 - model_2_loss_1: 0.0011 - model_2_loss_2: 9.2556e-04 - val_loss: 0.0021 - val_model_2_loss_1: 0.0012 - val_model_2_loss_2: 9.3955e-04
Epoch 39/100
195s - loss: 0.0020 - model_2_loss_1: 0.0011 - model_2_loss_2: 9.1292e-04 - val_loss: 0.0024 - val_model_2_loss_1: 0.0013 - val_model_2_loss_2: 0.0010
Epoch 40/100
194s - loss: 0.0020 - model_2_loss_1: 0.0011 - model_2_loss_2: 8.9789e-04 - val_loss: 0.0022 - val_model_2_loss_1: 0.0013 - val_model_2_loss_2: 9.3118e-04
Epoch 41/100
194s - loss: 0.0020 - model_2_loss_1: 0.0011 - model_2_loss_2: 9.0292e-04 - val_loss: 0.0023 - val_model_2_loss_1: 0.0013 - val_model_2_loss_2: 0.0010
Epoch 42/100
195s - loss: 0.0020 - model_2_loss_1: 0.0011 - model_2_loss_2: 8.9583e-04 - val_loss: 0.0021 - val_model_2_loss_1: 0.0011 - val_model_2_loss_2: 0.0010
Epoch 43/100
194s - loss: 0.0020 - model_2_loss_1: 0.0011 - model_2_loss_2: 8.9836e-04 - val_loss: 0.0019 - val_model_2_loss_1: 0.0010 - val_model_2_loss_2: 8.9418e-04
Epoch 44/100
195s - loss: 0.0020 - model_2_loss_1: 0.0011 - model_2_loss_2: 8.9263e-04 - val_loss: 0.0021 - val_model_2_loss_1: 0.0012 - val_model_2_loss_2: 9.5336e-04
Epoch 45/100
195s - loss: 0.0019 - model_2_loss_1: 0.0011 - model_2_loss_2: 8.7039e-04 - val_loss: 0.0020 - val_model_2_loss_1: 0.0011 - val_model_2_loss_2: 9.1325e-04
Epoch 46/100
195s - loss: 0.0020 - model_2_loss_1: 0.0011 - model_2_loss_2: 8.7282e-04 - val_loss: 0.0021 - val_model_2_loss_1: 0.0012 - val_model_2_loss_2: 8.5569e-04
Epoch 47/100
194s - loss: 0.0019 - model_2_loss_1: 0.0011 - model_2_loss_2: 8.7514e-04 - val_loss: 0.0017 - val_model_2_loss_1: 9.4790e-04 - val_model_2_loss_2: 7.3861e-04
Epoch 48/100
195s - loss: 0.0019 - model_2_loss_1: 0.0011 - model_2_loss_2: 8.7409e-04 - val_loss: 0.0018 - val_model_2_loss_1: 9.8690e-04 - val_model_2_loss_2: 8.5496e-04
Epoch 49/100
195s - loss: 0.0019 - model_2_loss_1: 0.0011 - model_2_loss_2: 8.6722e-04 - val_loss: 0.0020 - val_model_2_loss_1: 0.0011 - val_model_2_loss_2: 8.7939e-04
Epoch 50/100
194s - loss: 0.0019 - model_2_loss_1: 0.0010 - model_2_loss_2: 8.6781e-04 - val_loss: 0.0018 - val_model_2_loss_1: 9.8521e-04 - val_model_2_loss_2: 8.6079e-04
Epoch 51/100
195s - loss: 0.0019 - model_2_loss_1: 0.0010 - model_2_loss_2: 8.6761e-04 - val_loss: 0.0018 - val_model_2_loss_1: 9.7316e-04 - val_model_2_loss_2: 7.7888e-04
Epoch 52/100
195s - loss: 0.0019 - model_2_loss_1: 0.0010 - model_2_loss_2: 8.5953e-04 - val_loss: 0.0022 - val_model_2_loss_1: 0.0012 - val_model_2_loss_2: 0.0011
Epoch 53/100
194s - loss: 0.0019 - model_2_loss_1: 0.0010 - model_2_loss_2: 8.5948e-04 - val_loss: 0.0018 - val_model_2_loss_1: 8.9999e-04 - val_model_2_loss_2: 8.9932e-04
Epoch 54/100
195s - loss: 0.0019 - model_2_loss_1: 0.0010 - model_2_loss_2: 8.5951e-04 - val_loss: 0.0016 - val_model_2_loss_1: 8.6139e-04 - val_model_2_loss_2: 7.4069e-04
Epoch 55/100
195s - loss: 0.0019 - model_2_loss_1: 0.0010 - model_2_loss_2: 8.5956e-04 - val_loss: 0.0022 - val_model_2_loss_1: 0.0011 - val_model_2_loss_2: 0.0011
Epoch 56/100
195s - loss: 0.0019 - model_2_loss_1: 0.0010 - model_2_loss_2: 8.4975e-04 - val_loss: 0.0022 - val_model_2_loss_1: 0.0011 - val_model_2_loss_2: 0.0011
Epoch 57/100
195s - loss: 0.0019 - model_2_loss_1: 0.0010 - model_2_loss_2: 8.4911e-04 - val_loss: 0.0019 - val_model_2_loss_1: 0.0010 - val_model_2_loss_2: 8.4344e-04
Epoch 58/100
194s - loss: 0.0019 - model_2_loss_1: 0.0010 - model_2_loss_2: 8.5048e-04 - val_loss: 0.0020 - val_model_2_loss_1: 0.0010 - val_model_2_loss_2: 9.1144e-04
Epoch 59/100
195s - loss: 0.0019 - model_2_loss_1: 0.0010 - model_2_loss_2: 8.6077e-04 - val_loss: 0.0021 - val_model_2_loss_1: 0.0012 - val_model_2_loss_2: 9.5082e-04
Epoch 60/100
195s - loss: 0.0019 - model_2_loss_1: 0.0010 - model_2_loss_2: 8.4272e-04 - val_loss: 0.0021 - val_model_2_loss_1: 0.0012 - val_model_2_loss_2: 9.2603e-04
Epoch 61/100
194s - loss: 0.0018 - model_2_loss_1: 9.8319e-04 - model_2_loss_2: 8.3131e-04 - val_loss: 0.0018 - val_model_2_loss_1: 9.7026e-04 - val_model_2_loss_2: 8.3330e-04
Epoch 62/100
195s - loss: 0.0018 - model_2_loss_1: 0.0010 - model_2_loss_2: 8.3499e-04 - val_loss: 0.0019 - val_model_2_loss_1: 0.0010 - val_model_2_loss_2: 8.5770e-04
Epoch 63/100
195s - loss: 0.0018 - model_2_loss_1: 9.6977e-04 - model_2_loss_2: 8.3408e-04 - val_loss: 0.0018 - val_model_2_loss_1: 9.8838e-04 - val_model_2_loss_2: 7.9250e-04
Epoch 64/100
195s - loss: 0.0018 - model_2_loss_1: 9.8984e-04 - model_2_loss_2: 8.3690e-04 - val_loss: 0.0019 - val_model_2_loss_1: 9.9415e-04 - val_model_2_loss_2: 8.6497e-04
Epoch 65/100
194s - loss: 0.0018 - model_2_loss_1: 9.8481e-04 - model_2_loss_2: 8.1850e-04 - val_loss: 0.0016 - val_model_2_loss_1: 9.3617e-04 - val_model_2_loss_2: 6.9116e-04
Epoch 66/100
195s - loss: 0.0018 - model_2_loss_1: 9.7667e-04 - model_2_loss_2: 8.3580e-04 - val_loss: 0.0018 - val_model_2_loss_1: 0.0010 - val_model_2_loss_2: 8.3255e-04
Epoch 67/100
195s - loss: 0.0018 - model_2_loss_1: 9.8798e-04 - model_2_loss_2: 8.3195e-04 - val_loss: 0.0017 - val_model_2_loss_1: 9.5013e-04 - val_model_2_loss_2: 7.9755e-04
Epoch 68/100
195s - loss: 0.0018 - model_2_loss_1: 9.6897e-04 - model_2_loss_2: 8.2229e-04 - val_loss: 0.0018 - val_model_2_loss_1: 9.1952e-04 - val_model_2_loss_2: 8.6185e-04
Epoch 69/100
195s - loss: 0.0018 - model_2_loss_1: 9.6795e-04 - model_2_loss_2: 8.2728e-04 - val_loss: 0.0019 - val_model_2_loss_1: 0.0011 - val_model_2_loss_2: 8.1219e-04
Epoch 70/100
194s - loss: 0.0018 - model_2_loss_1: 9.6556e-04 - model_2_loss_2: 8.2928e-04 - val_loss: 0.0018 - val_model_2_loss_1: 0.0010 - val_model_2_loss_2: 8.0731e-04
Epoch 71/100
195s - loss: 0.0018 - model_2_loss_1: 9.4588e-04 - model_2_loss_2: 8.1944e-04 - val_loss: 0.0021 - val_model_2_loss_1: 0.0011 - val_model_2_loss_2: 9.9933e-04
Epoch 72/100
194s - loss: 0.0018 - model_2_loss_1: 9.5357e-04 - model_2_loss_2: 8.2122e-04 - val_loss: 0.0018 - val_model_2_loss_1: 9.8383e-04 - val_model_2_loss_2: 8.5105e-04
Epoch 73/100
195s - loss: 0.0017 - model_2_loss_1: 9.3776e-04 - model_2_loss_2: 8.0104e-04 - val_loss: 0.0017 - val_model_2_loss_1: 8.5348e-04 - val_model_2_loss_2: 8.1575e-04
Epoch 74/100
194s - loss: 0.0018 - model_2_loss_1: 9.4897e-04 - model_2_loss_2: 8.0221e-04 - val_loss: 0.0019 - val_model_2_loss_1: 0.0011 - val_model_2_loss_2: 7.3404e-04
Epoch 75/100
195s - loss: 0.0017 - model_2_loss_1: 9.4729e-04 - model_2_loss_2: 7.8922e-04 - val_loss: 0.0021 - val_model_2_loss_1: 0.0011 - val_model_2_loss_2: 9.9668e-04
Epoch 76/100
194s - loss: 0.0018 - model_2_loss_1: 9.5625e-04 - model_2_loss_2: 8.0537e-04 - val_loss: 0.0021 - val_model_2_loss_1: 0.0011 - val_model_2_loss_2: 9.3770e-04
Epoch 77/100
194s - loss: 0.0018 - model_2_loss_1: 9.4859e-04 - model_2_loss_2: 8.0452e-04 - val_loss: 0.0019 - val_model_2_loss_1: 0.0011 - val_model_2_loss_2: 7.9479e-04
Epoch 78/100
195s - loss: 0.0017 - model_2_loss_1: 9.3361e-04 - model_2_loss_2: 7.9956e-04 - val_loss: 0.0016 - val_model_2_loss_1: 8.4977e-04 - val_model_2_loss_2: 7.3242e-04
Epoch 79/100
195s - loss: 0.0018 - model_2_loss_1: 9.4922e-04 - model_2_loss_2: 8.1669e-04 - val_loss: 0.0019 - val_model_2_loss_1: 0.0010 - val_model_2_loss_2: 8.5411e-04
Epoch 80/100
195s - loss: 0.0018 - model_2_loss_1: 9.4433e-04 - model_2_loss_2: 8.2230e-04 - val_loss: 0.0016 - val_model_2_loss_1: 9.1225e-04 - val_model_2_loss_2: 6.8314e-04
Epoch 81/100
195s - loss: 0.0017 - model_2_loss_1: 9.1870e-04 - model_2_loss_2: 7.9149e-04 - val_loss: 0.0019 - val_model_2_loss_1: 9.7147e-04 - val_model_2_loss_2: 9.6827e-04
Epoch 82/100
196s - loss: 0.0018 - model_2_loss_1: 9.4391e-04 - model_2_loss_2: 8.2145e-04 - val_loss: 0.0017 - val_model_2_loss_1: 8.4393e-04 - val_model_2_loss_2: 8.8341e-04
Epoch 83/100
195s - loss: 0.0017 - model_2_loss_1: 9.2740e-04 - model_2_loss_2: 7.9797e-04 - val_loss: 0.0019 - val_model_2_loss_1: 0.0011 - val_model_2_loss_2: 7.5069e-04
Epoch 84/100
195s - loss: 0.0017 - model_2_loss_1: 9.4328e-04 - model_2_loss_2: 7.9382e-04 - val_loss: 0.0016 - val_model_2_loss_1: 8.5657e-04 - val_model_2_loss_2: 7.7512e-04
Epoch 85/100
195s - loss: 0.0017 - model_2_loss_1: 9.2269e-04 - model_2_loss_2: 8.0339e-04 - val_loss: 0.0017 - val_model_2_loss_1: 9.5362e-04 - val_model_2_loss_2: 7.5272e-04
Epoch 86/100
195s - loss: 0.0017 - model_2_loss_1: 9.0568e-04 - model_2_loss_2: 8.0103e-04 - val_loss: 0.0018 - val_model_2_loss_1: 9.5137e-04 - val_model_2_loss_2: 8.8319e-04
Epoch 87/100
196s - loss: 0.0017 - model_2_loss_1: 9.3328e-04 - model_2_loss_2: 8.0222e-04 - val_loss: 0.0015 - val_model_2_loss_1: 8.5596e-04 - val_model_2_loss_2: 6.2134e-04
Epoch 88/100
194s - loss: 0.0017 - model_2_loss_1: 9.2828e-04 - model_2_loss_2: 7.9955e-04 - val_loss: 0.0017 - val_model_2_loss_1: 9.4615e-04 - val_model_2_loss_2: 7.7569e-04
Epoch 89/100
194s - loss: 0.0017 - model_2_loss_1: 9.1195e-04 - model_2_loss_2: 7.7582e-04 - val_loss: 0.0016 - val_model_2_loss_1: 9.1278e-04 - val_model_2_loss_2: 6.6595e-04
Epoch 90/100
195s - loss: 0.0017 - model_2_loss_1: 9.0134e-04 - model_2_loss_2: 7.8669e-04 - val_loss: 0.0016 - val_model_2_loss_1: 9.0867e-04 - val_model_2_loss_2: 7.1789e-04
Epoch 91/100
195s - loss: 0.0017 - model_2_loss_1: 9.2135e-04 - model_2_loss_2: 7.7246e-04 - val_loss: 0.0016 - val_model_2_loss_1: 8.7455e-04 - val_model_2_loss_2: 7.1311e-04
Epoch 92/100
195s - loss: 0.0017 - model_2_loss_1: 9.1380e-04 - model_2_loss_2: 7.7815e-04 - val_loss: 0.0017 - val_model_2_loss_1: 9.1879e-04 - val_model_2_loss_2: 7.6206e-04
Epoch 93/100
194s - loss: 0.0017 - model_2_loss_1: 9.1114e-04 - model_2_loss_2: 7.6747e-04 - val_loss: 0.0017 - val_model_2_loss_1: 9.4046e-04 - val_model_2_loss_2: 7.3510e-04
Epoch 94/100
195s - loss: 0.0017 - model_2_loss_1: 9.1201e-04 - model_2_loss_2: 7.7864e-04 - val_loss: 0.0017 - val_model_2_loss_1: 8.9107e-04 - val_model_2_loss_2: 8.2919e-04
Epoch 95/100
195s - loss: 0.0017 - model_2_loss_1: 8.8943e-04 - model_2_loss_2: 7.7075e-04 - val_loss: 0.0015 - val_model_2_loss_1: 8.4129e-04 - val_model_2_loss_2: 6.9027e-04
Epoch 96/100
195s - loss: 0.0017 - model_2_loss_1: 9.1090e-04 - model_2_loss_2: 7.6984e-04 - val_loss: 0.0017 - val_model_2_loss_1: 9.5620e-04 - val_model_2_loss_2: 7.0484e-04
Epoch 97/100
195s - loss: 0.0017 - model_2_loss_1: 8.8158e-04 - model_2_loss_2: 7.6952e-04 - val_loss: 0.0018 - val_model_2_loss_1: 0.0010 - val_model_2_loss_2: 7.9661e-04
Epoch 98/100
194s - loss: 0.0017 - model_2_loss_1: 8.8768e-04 - model_2_loss_2: 7.7036e-04 - val_loss: 0.0015 - val_model_2_loss_1: 8.2374e-04 - val_model_2_loss_2: 6.6660e-04
Epoch 99/100
195s - loss: 0.0017 - model_2_loss_1: 9.1241e-04 - model_2_loss_2: 7.6970e-04 - val_loss: 0.0018 - val_model_2_loss_1: 9.2690e-04 - val_model_2_loss_2: 8.7304e-04
Epoch 100/100
195s - loss: 0.0017 - model_2_loss_1: 8.9508e-04 - model_2_loss_2: 7.6791e-04 - val_loss: 0.0018 - val_model_2_loss_1: 0.0010 - val_model_2_loss_2: 7.8191e-04
Traceback (most recent call last):
  File "cdA_gblur.py", line 166, in <module>
    vis_clean = utils.visualize(x_test, [32, 32], [1, 1], [13, 13], color=1)
TypeError: visualize() takes exactly 6 arguments (5 given)
